2020-03-05 17:54 +08:00: http://:::3000
2020-03-06 10:02 +08:00: http://:::3000
2020-03-06 10:05 +08:00: http://:::3000
2020-03-06 10:06 +08:00: { context: '{"name":"xx","xx":"aa"}' }
2020-03-06 10:08 +08:00: http://:::3000
2020-03-06 10:08 +08:00: undefined
2020-03-06 10:09 +08:00: http://:::3000
2020-03-06 10:10 +08:00: http://:::3000
2020-03-06 10:12 +08:00: http://:::3000
2020-03-06 10:13 +08:00: http://:::3000
2020-03-06 10:13 +08:00: undefined
2020-03-06 10:14 +08:00: http://:::3000
2020-03-06 10:14 +08:00: { context: { name: 'xx', xx: 'aa' } }
2020-03-06 10:16 +08:00: http://:::3000
2020-03-06 10:16 +08:00: { name: 'xx', xx: 'aa' }
2020-03-06 10:17 +08:00: http://:::3000
2020-03-06 10:24 +08:00: http://:::3000
2020-03-06 10:24 +08:00: <Buffer 7b 0d 0a 09 22 70 61 67 65 22 3a 20 7b 0d 0a 09 09 22 6e 61 6d 65 22 3a 20 22 74 65 73 74 22 2c 0d 0a 09 09 22 73 63 68 65 6d 61 22 3a 20 5b 5d 0d 0a ... >
2020-03-06 10:25 +08:00: http://:::3000
2020-03-06 10:25 +08:00: { page: { name: 'test', schema: [] } }
2020-03-06 10:26 +08:00: http://:::3000
2020-03-06 10:26 +08:00: []
2020-03-06 10:38 +08:00: http://:::3000
2020-03-06 10:38 +08:00: http://:::3000
2020-03-06 10:39 +08:00: http://:::3000
2020-03-06 10:39 +08:00: http://:::3000
2020-03-06 10:39 +08:00: http://:::3000
2020-03-06 10:41 +08:00: http://:::3000
2020-03-06 10:44 +08:00: http://:::3000
2020-03-06 10:44 +08:00: { name: 'xx1', xx: 'aa' }
2020-03-06 10:53 +08:00: http://:::3000
