2020-03-06 10:10 +08:00: SyntaxError: Unexpected token o in JSON at position 1
2020-03-06 10:10 +08:00:     at JSON.parse (<anonymous>)
2020-03-06 10:10 +08:00:     at writeJson (D:\MyWorkSpace\test\dataX\node\server.js:51:20)
2020-03-06 10:10 +08:00:     at D:\MyWorkSpace\test\dataX\node\server.js:27:3
2020-03-06 10:10 +08:00:     at Layer.handle [as handle_request] (D:\MyWorkSpace\test\dataX\node_modules\express\lib\router\layer.js:95:5)
2020-03-06 10:10 +08:00:     at next (D:\MyWorkSpace\test\dataX\node_modules\express\lib\router\route.js:137:13)
2020-03-06 10:10 +08:00:     at Route.dispatch (D:\MyWorkSpace\test\dataX\node_modules\express\lib\router\route.js:112:3)
2020-03-06 10:10 +08:00:     at Layer.handle [as handle_request] (D:\MyWorkSpace\test\dataX\node_modules\express\lib\router\layer.js:95:5)
2020-03-06 10:10 +08:00:     at D:\MyWorkSpace\test\dataX\node_modules\express\lib\router\index.js:281:22
2020-03-06 10:10 +08:00:     at Function.process_params (D:\MyWorkSpace\test\dataX\node_modules\express\lib\router\index.js:335:12)
2020-03-06 10:10 +08:00:     at next (D:\MyWorkSpace\test\dataX\node_modules\express\lib\router\index.js:275:10)
2020-03-06 10:10 +08:00: SyntaxError: Unexpected token o in JSON at position 1
2020-03-06 10:10 +08:00:     at JSON.parse (<anonymous>)
2020-03-06 10:10 +08:00:     at writeJson (D:\MyWorkSpace\test\dataX\node\server.js:51:20)
2020-03-06 10:10 +08:00:     at D:\MyWorkSpace\test\dataX\node\server.js:27:3
2020-03-06 10:10 +08:00:     at Layer.handle [as handle_request] (D:\MyWorkSpace\test\dataX\node_modules\express\lib\router\layer.js:95:5)
2020-03-06 10:10 +08:00:     at next (D:\MyWorkSpace\test\dataX\node_modules\express\lib\router\route.js:137:13)
2020-03-06 10:10 +08:00:     at Route.dispatch (D:\MyWorkSpace\test\dataX\node_modules\express\lib\router\route.js:112:3)
2020-03-06 10:10 +08:00:     at Layer.handle [as handle_request] (D:\MyWorkSpace\test\dataX\node_modules\express\lib\router\layer.js:95:5)
2020-03-06 10:10 +08:00:     at D:\MyWorkSpace\test\dataX\node_modules\express\lib\router\index.js:281:22
2020-03-06 10:10 +08:00:     at Function.process_params (D:\MyWorkSpace\test\dataX\node_modules\express\lib\router\index.js:335:12)
2020-03-06 10:10 +08:00:     at next (D:\MyWorkSpace\test\dataX\node_modules\express\lib\router\index.js:275:10)
2020-03-06 10:12 +08:00: SyntaxError: Unexpected token o in JSON at position 1
2020-03-06 10:12 +08:00:     at JSON.parse (<anonymous>)
2020-03-06 10:12 +08:00:     at writeJson (D:\MyWorkSpace\test\dataX\node\server.js:52:20)
2020-03-06 10:12 +08:00:     at D:\MyWorkSpace\test\dataX\node\server.js:27:3
2020-03-06 10:12 +08:00:     at Layer.handle [as handle_request] (D:\MyWorkSpace\test\dataX\node_modules\express\lib\router\layer.js:95:5)
2020-03-06 10:12 +08:00:     at next (D:\MyWorkSpace\test\dataX\node_modules\express\lib\router\route.js:137:13)
2020-03-06 10:12 +08:00:     at Route.dispatch (D:\MyWorkSpace\test\dataX\node_modules\express\lib\router\route.js:112:3)
2020-03-06 10:12 +08:00:     at Layer.handle [as handle_request] (D:\MyWorkSpace\test\dataX\node_modules\express\lib\router\layer.js:95:5)
2020-03-06 10:12 +08:00:     at D:\MyWorkSpace\test\dataX\node_modules\express\lib\router\index.js:281:22
2020-03-06 10:12 +08:00:     at Function.process_params (D:\MyWorkSpace\test\dataX\node_modules\express\lib\router\index.js:335:12)
2020-03-06 10:12 +08:00:     at next (D:\MyWorkSpace\test\dataX\node_modules\express\lib\router\index.js:275:10)
2020-03-06 10:38 +08:00: ReferenceError: person is not defined
2020-03-06 10:38 +08:00:     at D:\MyWorkSpace\test\dataX\node\server.js:80:36
2020-03-06 10:38 +08:00:     at FSReqWrap.readFileAfterClose [as oncomplete] (fs.js:511:3)
2020-03-06 10:39 +08:00: ReferenceError: person is not defined
2020-03-06 10:39 +08:00:     at D:\MyWorkSpace\test\dataX\node\server.js:80:36
2020-03-06 10:39 +08:00:     at FSReqWrap.readFileAfterClose [as oncomplete] (fs.js:511:3)
2020-03-06 10:39 +08:00: ReferenceError: person is not defined
2020-03-06 10:39 +08:00:     at D:\MyWorkSpace\test\dataX\node\server.js:80:36
2020-03-06 10:39 +08:00:     at FSReqWrap.readFileAfterClose [as oncomplete] (fs.js:511:3)
